<?xml version="1.0" encoding="UTF-8"?>
<!-- Generated by org.testng.reporters.JUnitXMLReporter -->
<testsuite hostname="sisahdlpt083" ignored="11" name="Default test" tests="32" failures="0" timestamp="15 Apr 2021 12:00:16 GMT" time="2.742" errors="0">
  <testcase name="@BeforeTest setUp" time="0.0" classname="com.qa.tests.SITWorkflow">
    <failure type="java.lang.NullPointerException">
      <![CDATA[java.lang.NullPointerException
	at com.qa.tests.SITWorkflow.setUp(SITWorkflow.java:78)
	at sun.reflect.NativeMethodAccessorImpl.invoke0(Native Method)
	at sun.reflect.NativeMethodAccessorImpl.invoke(NativeMethodAccessorImpl.java:62)
	at sun.reflect.DelegatingMethodAccessorImpl.invoke(DelegatingMethodAccessorImpl.java:43)
	at java.lang.reflect.Method.invoke(Method.java:498)
	at org.testng.internal.MethodInvocationHelper.invokeMethod(MethodInvocationHelper.java:104)
	at org.testng.internal.Invoker.invokeConfigurationMethod(Invoker.java:515)
	at org.testng.internal.Invoker.invokeConfigurations(Invoker.java:217)
	at org.testng.internal.Invoker.invokeConfigurations(Invoker.java:144)
	at org.testng.TestRunner.beforeRun(TestRunner.java:634)
	at org.testng.TestRunner.run(TestRunner.java:602)
	at org.testng.SuiteRunner.runTest(SuiteRunner.java:387)
	at org.testng.SuiteRunner.runSequentially(SuiteRunner.java:382)
	at org.testng.SuiteRunner.privateRun(SuiteRunner.java:340)
	at org.testng.SuiteRunner.run(SuiteRunner.java:289)
	at org.testng.SuiteRunnerWorker.runSuite(SuiteRunnerWorker.java:52)
	at org.testng.SuiteRunnerWorker.run(SuiteRunnerWorker.java:86)
	at org.testng.TestNG.runSuitesSequentially(TestNG.java:1293)
	at org.testng.TestNG.runSuitesLocally(TestNG.java:1218)
	at org.testng.TestNG.runSuites(TestNG.java:1133)
	at org.testng.TestNG.run(TestNG.java:1104)
	at org.testng.remote.AbstractRemoteTestNG.run(AbstractRemoteTestNG.java:115)
	at org.testng.remote.RemoteTestNG.initAndRun(RemoteTestNG.java:251)
	at org.testng.remote.RemoteTestNG.main(RemoteTestNG.java:77)
]]>
    </failure>
  </testcase> <!-- @BeforeTest setUp -->
  <testcase name="inviteBorrower" time="0.002" classname="com.qa.tests.SITWorkflow">
    <skipped/>
  </testcase> <!-- inviteBorrower -->
  <testcase name="CreateBorrower" time="0.002" classname="com.qa.tests.SITWorkflow">
    <skipped/>
  </testcase> <!-- CreateBorrower -->
  <testcase name="updateprofiledata" time="0.001" classname="com.qa.tests.SITWorkflow">
    <skipped/>
  </testcase> <!-- updateprofiledata -->
  <testcase name="UpdateIncome" time="0.001" classname="com.qa.tests.SITWorkflow">
    <skipped/>
  </testcase> <!-- UpdateIncome -->
  <testcase name="updatedeclaration" time="0.001" classname="com.qa.tests.SITWorkflow">
    <skipped/>
  </testcase> <!-- updatedeclaration -->
  <testcase name="getBorrowerPrfile" time="0.001" classname="com.qa.tests.SITWorkflow">
    <skipped/>
  </testcase> <!-- getBorrowerPrfile -->
  <testcase name="getBorrowerIncome" time="0.001" classname="com.qa.tests.SITWorkflow">
    <skipped/>
  </testcase> <!-- getBorrowerIncome -->
  <testcase name="getBorrowerAsset" time="0.001" classname="com.qa.tests.SITWorkflow">
    <skipped/>
  </testcase> <!-- getBorrowerAsset -->
  <testcase name="getBorrowerLiabilities" time="0.001" classname="com.qa.tests.SITWorkflow">
    <skipped/>
  </testcase> <!-- getBorrowerLiabilities -->
  <testcase name="getBorrowerDeclaration" time="0.001" classname="com.qa.tests.SITWorkflow">
    <skipped/>
  </testcase> <!-- getBorrowerDeclaration -->
  <testcase name="getLoansByBorrowerUsername" time="0.001" classname="com.qa.tests.SITWorkflow">
    <skipped/>
  </testcase> <!-- getLoansByBorrowerUsername -->
  <testcase name="getBorrowerByUsername" time="0.001" classname="com.qa.tests.SITWorkflow">
    <skipped/>
  </testcase> <!-- getBorrowerByUsername -->
  <testcase name="getLoanLogs" time="0.001" classname="com.qa.tests.SITWorkflow">
    <skipped/>
  </testcase> <!-- getLoanLogs -->
  <testcase name="getAllLoanDetails" time="0.001" classname="com.qa.tests.SITWorkflow">
    <skipped/>
  </testcase> <!-- getAllLoanDetails -->
  <testcase name="getAllActiveLoanDetails" time="0.002" classname="com.qa.tests.SITWorkflow">
    <skipped/>
  </testcase> <!-- getAllActiveLoanDetails -->
  <testcase name="getAllApplicationsDetails" time="0.0" classname="com.qa.tests.SITWorkflow">
    <skipped/>
  </testcase> <!-- getAllApplicationsDetails -->
  <testcase name="getAllCLosedLoansDetails" time="0.0" classname="com.qa.tests.SITWorkflow">
    <skipped/>
  </testcase> <!-- getAllCLosedLoansDetails -->
  <testcase name="getLoandata" time="0.0" classname="com.qa.tests.SITWorkflow">
    <skipped/>
  </testcase> <!-- getLoandata -->
  <testcase name="getApplicationdata" time="0.001" classname="com.qa.tests.SITWorkflow">
    <skipped/>
  </testcase> <!-- getApplicationdata -->
  <testcase name="getSummaryOfLoan" time="0.001" classname="com.qa.tests.SITWorkflow">
    <skipped/>
  </testcase> <!-- getSummaryOfLoan -->
  <testcase name="getLoaninReviewStatus" time="0.001" classname="com.qa.tests.SITWorkflow">
    <skipped/>
  </testcase> <!-- getLoaninReviewStatus -->
  <testcase name="getAllLoaninReviewStatus" time="0.001" classname="com.qa.tests.SITWorkflow">
    <skipped/>
  </testcase> <!-- getAllLoaninReviewStatus -->
  <testcase name="getBorrowerLogs" time="0.0" classname="com.qa.tests.SITWorkflow">
    <skipped/>
  </testcase> <!-- getBorrowerLogs -->
  <testcase name="getBorrowerList" time="0.001" classname="com.qa.tests.SITWorkflow">
    <skipped/>
  </testcase> <!-- getBorrowerList -->
  <testcase name="getBorrowerProfileDetails" time="0.001" classname="com.qa.tests.SITWorkflow">
    <skipped/>
  </testcase> <!-- getBorrowerProfileDetails -->
  <testcase name="getLoanOfficerList" time="0.0" classname="com.qa.tests.SITWorkflow">
    <skipped/>
  </testcase> <!-- getLoanOfficerList -->
  <testcase name="getLoanOfficerDetails" time="0.002" classname="com.qa.tests.SITWorkflow">
    <skipped/>
  </testcase> <!-- getLoanOfficerDetails -->
  <testcase name="getLoansOfLoanofficer" time="0.0" classname="com.qa.tests.SITWorkflow">
    <skipped/>
  </testcase> <!-- getLoansOfLoanofficer -->
  <testcase name="getBrandedCodeOfLoanofficer" time="0.0" classname="com.qa.tests.SITWorkflow">
    <skipped/>
  </testcase> <!-- getBrandedCodeOfLoanofficer -->
  <testcase name="RedirectToSummaryScreen" time="0.001" classname="com.qa.tests.SITWorkflow">
    <skipped/>
  </testcase> <!-- RedirectToSummaryScreen -->
  <testcase name="RedirectToDocumentScreen" time="0.0" classname="com.qa.tests.SITWorkflow">
    <skipped/>
  </testcase> <!-- RedirectToDocumentScreen -->
  <testcase name="RedirectToConditionsScreen" time="0.001" classname="com.qa.tests.SITWorkflow">
    <skipped/>
  </testcase> <!-- RedirectToConditionsScreen -->
  <testcase name="getBorrowerAcountDetails" time="0.0" classname="com.qa.tests.SITWorkflow">
    <ignored/>
  </testcase> <!-- getBorrowerAcountDetails -->
  <testcase name="DownloadPerticularConditionsDocument" time="0.0" classname="com.qa.tests.SITWorkflow">
    <ignored/>
  </testcase> <!-- DownloadPerticularConditionsDocument -->
  <testcase name="getApplicationData" time="0.0" classname="com.qa.tests.SITWorkflow">
    <ignored/>
  </testcase> <!-- getApplicationData -->
  <testcase name="getPerticularConditionsDocument" time="0.0" classname="com.qa.tests.SITWorkflow">
    <ignored/>
  </testcase> <!-- getPerticularConditionsDocument -->
  <testcase name="getreadFullLoanContainer" time="0.0" classname="com.qa.tests.SITWorkflow">
    <ignored/>
  </testcase> <!-- getreadFullLoanContainer -->
  <testcase name="getApplicantsByLoanId" time="0.0" classname="com.qa.tests.SITWorkflow">
    <ignored/>
  </testcase> <!-- getApplicantsByLoanId -->
  <testcase name="getAllCondition" time="0.0" classname="com.qa.tests.SITWorkflow">
    <ignored/>
  </testcase> <!-- getAllCondition -->
  <testcase name="DeletePerticularConditionsDocument" time="0.0" classname="com.qa.tests.SITWorkflow">
    <ignored/>
  </testcase> <!-- DeletePerticularConditionsDocument -->
  <testcase name="getAllConditionsDocuments" time="0.0" classname="com.qa.tests.SITWorkflow">
    <ignored/>
  </testcase> <!-- getAllConditionsDocuments -->
  <testcase name="UpdateLoanstatus" time="0.0" classname="com.qa.tests.SITWorkflow">
    <ignored/>
  </testcase> <!-- UpdateLoanstatus -->
  <testcase name="SubmitCondition" time="0.0" classname="com.qa.tests.SITWorkflow">
    <ignored/>
  </testcase> <!-- SubmitCondition -->
</testsuite> <!-- Default test -->
