<?xml version="1.0" encoding="UTF-8"?>
<!-- Generated by org.testng.reporters.JUnitXMLReporter -->
<testsuite hostname="Bhagi-PC" ignored="0" name="Default test" tests="5" failures="0" timestamp="06 Jan 2021 14:57:52 GMT" time="35.274" errors="0">
  <testcase name="inviteBorrower" time="3.941" classname="com.qa.tests.SITWorkflow"/>
  <testcase name="CreateBorrower" time="8.911" classname="com.qa.tests.SITWorkflow"/>
  <testcase name="UpdateBorrowerProfile" time="3.378" classname="com.qa.tests.SITWorkflow"/>
  <testcase name="UpdateBorrowerIncome" time="1.958" classname="com.qa.tests.SITWorkflow"/>
  <testcase name="UpdateBorrowerDeclaration" time="2.044" classname="com.qa.tests.SITWorkflow"/>
</testsuite> <!-- Default test -->
